Traceback (most recent call last):
  File "/Users/benjaminfeuer/miniconda3/envs/llama-factory/lib/python3.12/asyncio/tasks.py", line 520, in wait_for
    return await fut
           ^^^^^^^^^
  File "/Users/benjaminfeuer/miniconda3/envs/llama-factory/lib/python3.12/site-packages/harbor/agents/terminus_2/terminus_2.py", line 1399, in run
    actual_episodes = await self._run_agent_loop(
                      ^^^^^^^^^^^^^^^^^^^^^^^^^^^
  File "/Users/benjaminfeuer/miniconda3/envs/llama-factory/lib/python3.12/site-packages/harbor/agents/terminus_2/terminus_2.py", line 1087, in _run_agent_loop
    if not await self._session.is_session_alive():
           ^^^^^^^^^^^^^^^^^^^^^^^^^^^^^^^^^^^^^^
  File "/Users/benjaminfeuer/miniconda3/envs/llama-factory/lib/python3.12/site-packages/harbor/agents/terminus_2/tmux_session.py", line 445, in is_session_alive
    result = await self.environment.exec(
             ^^^^^^^^^^^^^^^^^^^^^^^^^^^^
  File "/Users/benjaminfeuer/miniconda3/envs/llama-factory/lib/python3.12/site-packages/harbor/environments/docker/docker.py", line 295, in exec
    return await self._run_docker_compose_command(
           ^^^^^^^^^^^^^^^^^^^^^^^^^^^^^^^^^^^^^^^
  File "/Users/benjaminfeuer/miniconda3/envs/llama-factory/lib/python3.12/site-packages/harbor/environments/docker/docker.py", line 162, in _run_docker_compose_command
    stdout_bytes, stderr_bytes = await process.communicate()
                                 ^^^^^^^^^^^^^^^^^^^^^^^^^^^
  File "/Users/benjaminfeuer/miniconda3/envs/llama-factory/lib/python3.12/asyncio/subprocess.py", line 201, in communicate
    stdin, stdout, stderr = await tasks.gather(stdin, stdout, stderr)
                            ^^^^^^^^^^^^^^^^^^^^^^^^^^^^^^^^^^^^^^^^^
  File "/Users/benjaminfeuer/miniconda3/envs/llama-factory/lib/python3.12/asyncio/subprocess.py", line 181, in _read_stream
    output = await stream.read()
             ^^^^^^^^^^^^^^^^^^^
  File "/Users/benjaminfeuer/miniconda3/envs/llama-factory/lib/python3.12/asyncio/streams.py", line 706, in read
    block = await self.read(self._limit)
            ^^^^^^^^^^^^^^^^^^^^^^^^^^^^
  File "/Users/benjaminfeuer/miniconda3/envs/llama-factory/lib/python3.12/asyncio/streams.py", line 713, in read
    await self._wait_for_data('read')
  File "/Users/benjaminfeuer/miniconda3/envs/llama-factory/lib/python3.12/asyncio/streams.py", line 545, in _wait_for_data
    await self._waiter
asyncio.exceptions.CancelledError

The above exception was the direct cause of the following exception:

Traceback (most recent call last):
  File "/Users/benjaminfeuer/miniconda3/envs/llama-factory/lib/python3.12/site-packages/harbor/trial/trial.py", line 232, in _execute_agent
    await asyncio.wait_for(
  File "/Users/benjaminfeuer/miniconda3/envs/llama-factory/lib/python3.12/asyncio/tasks.py", line 519, in wait_for
    async with timeouts.timeout(timeout):
               ^^^^^^^^^^^^^^^^^^^^^^^^^
  File "/Users/benjaminfeuer/miniconda3/envs/llama-factory/lib/python3.12/asyncio/timeouts.py", line 115, in __aexit__
    raise TimeoutError from exc_val
TimeoutError

The above exception was the direct cause of the following exception:

Traceback (most recent call last):
  File "/Users/benjaminfeuer/miniconda3/envs/llama-factory/lib/python3.12/site-packages/harbor/trial/trial.py", line 515, in run
    await self._execute_agent()
  File "/Users/benjaminfeuer/miniconda3/envs/llama-factory/lib/python3.12/site-packages/harbor/trial/trial.py", line 247, in _execute_agent
    raise AgentTimeoutError(
harbor.trial.trial.AgentTimeoutError: Agent execution timed out after 900.0 seconds
